<?xml version="1.0" encoding="UTF-8"?>
<testsuite name="ArrayCheckTest" tests="2" skipped="0" failures="0" errors="0" timestamp="2018-04-11T00:20:28" hostname="grant-Lenovo-Z580" time="24.508">
  <properties/>
  <testcase name="doubleWrapperArrayCheckTest" classname="ArrayCheckTest" time="17.243"/>
  <testcase name="doubleArrayCheckTest" classname="ArrayCheckTest" time="7.265"/>
  <system-out><![CDATA[Max size for Double is 
513277948
Max size for double is 
256638974
]]></system-out>
  <system-err><![CDATA[]]></system-err>
</testsuite>
